# Logfile created on Mon Jun 23 20:42:05 -0700 2008 by /


Processing ApplicationController#index (for 127.0.0.1 at 2008-06-23 20:42:19) [GET]
  Session ID: cb88b6d8a0bd1c9a34ca8e65fc2e78a5
  Parameters: {"action"=>"index", "controller"=>"api"}


NoMethodError (undefined method `require_gem' for main:Object):
    .//app/models/api_growth.rb:1
    /usr/local/lib/ruby/site_ruby/1.8/rubygems/custom_require.rb:27:in `gem_original_require'
    /usr/local/lib/ruby/site_ruby/1.8/rubygems/custom_require.rb:27:in `require'
    /usr/local/lib/ruby/gems/1.8/gems/activesupport-1.4.2/lib/active_support/dependencies.rb:495:in `require'
    /usr/local/lib/ruby/gems/1.8/gems/activesupport-1.4.2/lib/active_support/dependencies.rb:342:in `new_constants_in'
    /usr/local/lib/ruby/gems/1.8/gems/activesupport-1.4.2/lib/active_support/dependencies.rb:495:in `require'
    .//app/controllers/api_controller.rb:1
    /usr/local/lib/ruby/gems/1.8/gems/activesupport-1.4.2/lib/active_support/dependencies.rb:203:in `load_without_new_constant_marking'
    /usr/local/lib/ruby/gems/1.8/gems/activesupport-1.4.2/lib/active_support/dependencies.rb:203:in `load_file'
    /usr/local/lib/ruby/gems/1.8/gems/activesupport-1.4.2/lib/active_support/dependencies.rb:342:in `new_constants_in'
    /usr/local/lib/ruby/gems/1.8/gems/activesupport-1.4.2/lib/active_support/dependencies.rb:202:in `load_file'
    /usr/local/lib/ruby/gems/1.8/gems/activesupport-1.4.2/lib/active_support/dependencies.rb:94:in `require_or_load'
    /usr/local/lib/ruby/gems/1.8/gems/activesupport-1.4.2/lib/active_support/dependencies.rb:248:in `load_missing_constant'
    /usr/local/lib/ruby/gems/1.8/gems/activesupport-1.4.2/lib/active_support/dependencies.rb:452:in `const_missing'
    /usr/local/lib/ruby/gems/1.8/gems/activesupport-1.4.2/lib/active_support/dependencies.rb:464:in `const_missing'
    /usr/local/lib/ruby/gems/1.8/gems/activesupport-1.4.2/lib/active_support/inflector.rb:250:in `constantize'
    /usr/local/lib/ruby/gems/1.8/gems/activesupport-1.4.2/lib/active_support/core_ext/string/inflections.rb:148:in `constantize'
    /usr/local/lib/ruby/gems/1.8/gems/actionpack-1.13.3/lib/action_controller/routing.rb:1284:in `recognize'
    /usr/local/lib/ruby/gems/1.8/gems/rails-1.2.3/lib/dispatcher.rb:40:in `dispatch'
    /usr/local/lib/ruby/gems/1.8/gems/mongrel-1.1.4/bin/../lib/mongrel/rails.rb:76:in `process'
    /usr/local/lib/ruby/gems/1.8/gems/mongrel-1.1.4/bin/../lib/mongrel/rails.rb:74:in `synchronize'
    /usr/local/lib/ruby/gems/1.8/gems/mongrel-1.1.4/bin/../lib/mongrel/rails.rb:74:in `process'
    /usr/local/lib/ruby/gems/1.8/gems/mongrel-1.1.4/lib/mongrel.rb:159:in `process_client'
    /usr/local/lib/ruby/gems/1.8/gems/mongrel-1.1.4/lib/mongrel.rb:158:in `each'
    /usr/local/lib/ruby/gems/1.8/gems/mongrel-1.1.4/lib/mongrel.rb:158:in `process_client'
    /usr/local/lib/ruby/gems/1.8/gems/mongrel-1.1.4/lib/mongrel.rb:285:in `run'
    /usr/local/lib/ruby/gems/1.8/gems/mongrel-1.1.4/lib/mongrel.rb:285:in `initialize'
    /usr/local/lib/ruby/gems/1.8/gems/mongrel-1.1.4/lib/mongrel.rb:285:in `new'
    /usr/local/lib/ruby/gems/1.8/gems/mongrel-1.1.4/lib/mongrel.rb:285:in `run'
    /usr/local/lib/ruby/gems/1.8/gems/mongrel-1.1.4/lib/mongrel.rb:268:in `initialize'
    /usr/local/lib/ruby/gems/1.8/gems/mongrel-1.1.4/lib/mongrel.rb:268:in `new'
    /usr/local/lib/ruby/gems/1.8/gems/mongrel-1.1.4/lib/mongrel.rb:268:in `run'
    /usr/local/lib/ruby/gems/1.8/gems/mongrel-1.1.4/lib/mongrel/configurator.rb:282:in `run'
    /usr/local/lib/ruby/gems/1.8/gems/mongrel-1.1.4/lib/mongrel/configurator.rb:281:in `each'
    /usr/local/lib/ruby/gems/1.8/gems/mongrel-1.1.4/lib/mongrel/configurator.rb:281:in `run'
    /usr/local/lib/ruby/gems/1.8/gems/mongrel-1.1.4/bin/mongrel_rails:128:in `run'
    /usr/local/lib/ruby/gems/1.8/gems/mongrel-1.1.4/lib/mongrel/command.rb:212:in `run'
    /usr/local/lib/ruby/gems/1.8/gems/mongrel-1.1.4/bin/mongrel_rails:281
    /usr/local/lib/ruby/gems/1.8/gems/activesupport-1.4.2/lib/active_support/dependencies.rb:488:in `load'
    /usr/local/lib/ruby/gems/1.8/gems/activesupport-1.4.2/lib/active_support/dependencies.rb:488:in `load'
    /usr/local/lib/ruby/gems/1.8/gems/activesupport-1.4.2/lib/active_support/dependencies.rb:342:in `new_constants_in'
    /usr/local/lib/ruby/gems/1.8/gems/activesupport-1.4.2/lib/active_support/dependencies.rb:488:in `load'
    /usr/local/lib/ruby/gems/1.8/gems/rails-1.2.3/lib/commands/servers/mongrel.rb:60
    /usr/local/lib/ruby/site_ruby/1.8/rubygems/custom_require.rb:27:in `gem_original_require'
    /usr/local/lib/ruby/site_ruby/1.8/rubygems/custom_require.rb:27:in `require'
    /usr/local/lib/ruby/gems/1.8/gems/activesupport-1.4.2/lib/active_support/dependencies.rb:495:in `require'
    /usr/local/lib/ruby/gems/1.8/gems/activesupport-1.4.2/lib/active_support/dependencies.rb:342:in `new_constants_in'
    /usr/local/lib/ruby/gems/1.8/gems/activesupport-1.4.2/lib/active_support/dependencies.rb:495:in `require'
    /usr/local/lib/ruby/gems/1.8/gems/rails-1.2.3/lib/commands/server.rb:39
    /usr/local/lib/ruby/site_ruby/1.8/rubygems/custom_require.rb:27:in `gem_original_require'
    /usr/local/lib/ruby/site_ruby/1.8/rubygems/custom_require.rb:27:in `require'
    ./script/server:3


Rendering /usr/local/lib/ruby/gems/1.8/gems/actionpack-1.13.3/lib/action_controller/templates/rescues/layout.rhtml (500 Internal Error)


Processing SearchController#index (for 127.0.0.1 at 2008-06-23 20:42:27) [GET]
  Session ID: cb88b6d8a0bd1c9a34ca8e65fc2e78a5
  Parameters: {"action"=>"index", "controller"=>"search"}
Rendering  within layouts/search
Rendering search/index
Rendered templates/aqualicious/_meta (0.03828)
Rendered templates/aqualicious/_stylesheet (0.02541)
Rendered templates/aqualicious/_script (0.01562)
Rendered templates/aqualicious/_navigator (0.02514)
Rendered templates/aqualicious/search/_form_search (0.01118)
Rendered templates/aqualicious/search/_sidebar (0.04150)
Rendered templates/aqualicious/_body_before_content (0.09414)
Rendered templates/aqualicious/_message (0.01088)
Rendered templates/aqualicious/_footer (0.01627)
Rendered templates/aqualicious/_body_after_content (0.02943)
Completed in 0.25882 (3 reqs/sec) | Rendering: 0.25768 (99%) | DB: 0.00000 (0%) | 200 OK [http://localhost/search]


Processing SearchController#search (for 127.0.0.1 at 2008-06-23 20:42:34) [POST]
  Session ID: cb88b6d8a0bd1c9a34ca8e65fc2e78a5
  Parameters: {"commit"=>"Search", "action"=>"search", "controller"=>"search", "query"=>"lynbrook"}


NoMethodError (undefined method `require_gem' for main:Object):
    .//app/models/api_growth.rb:1
    /usr/local/lib/ruby/gems/1.8/gems/activesupport-1.4.2/lib/active_support/dependencies.rb:203:in `load_without_new_constant_marking'
    /usr/local/lib/ruby/gems/1.8/gems/activesupport-1.4.2/lib/active_support/dependencies.rb:203:in `load_file'
    /usr/local/lib/ruby/gems/1.8/gems/activesupport-1.4.2/lib/active_support/dependencies.rb:342:in `new_constants_in'
    /usr/local/lib/ruby/gems/1.8/gems/activesupport-1.4.2/lib/active_support/dependencies.rb:202:in `load_file'
    /usr/local/lib/ruby/gems/1.8/gems/activesupport-1.4.2/lib/active_support/dependencies.rb:94:in `require_or_load'
    /usr/local/lib/ruby/gems/1.8/gems/activesupport-1.4.2/lib/active_support/dependencies.rb:248:in `load_missing_constant'
    /usr/local/lib/ruby/gems/1.8/gems/activesupport-1.4.2/lib/active_support/dependencies.rb:452:in `const_missing'
    /usr/local/lib/ruby/gems/1.8/gems/activesupport-1.4.2/lib/active_support/dependencies.rb:464:in `const_missing'
    /usr/local/lib/ruby/gems/1.8/gems/activesupport-1.4.2/lib/active_support/dependencies.rb:470:in `send'
    /usr/local/lib/ruby/gems/1.8/gems/activesupport-1.4.2/lib/active_support/dependencies.rb:470:in `const_missing'
    .//app/controllers/search_controller.rb:26:in `search'
    /usr/local/lib/ruby/gems/1.8/gems/actionpack-1.13.3/lib/action_controller/base.rb:1095:in `send'
    /usr/local/lib/ruby/gems/1.8/gems/actionpack-1.13.3/lib/action_controller/base.rb:1095:in `perform_action_without_filters'
    /usr/local/lib/ruby/gems/1.8/gems/actionpack-1.13.3/lib/action_controller/filters.rb:632:in `call_filter'
    /usr/local/lib/ruby/gems/1.8/gems/actionpack-1.13.3/lib/action_controller/filters.rb:619:in `perform_action_without_benchmark'
    /usr/local/lib/ruby/gems/1.8/gems/actionpack-1.13.3/lib/action_controller/benchmarking.rb:66:in `perform_action_without_rescue'
    /usr/local/lib/ruby/1.8/benchmark.rb:293:in `measure'
    /usr/local/lib/ruby/gems/1.8/gems/actionpack-1.13.3/lib/action_controller/benchmarking.rb:66:in `perform_action_without_rescue'
    /usr/local/lib/ruby/gems/1.8/gems/actionpack-1.13.3/lib/action_controller/rescue.rb:83:in `perform_action'
    /usr/local/lib/ruby/gems/1.8/gems/actionpack-1.13.3/lib/action_controller/base.rb:430:in `send'
    /usr/local/lib/ruby/gems/1.8/gems/actionpack-1.13.3/lib/action_controller/base.rb:430:in `process_without_filters'
    /usr/local/lib/ruby/gems/1.8/gems/actionpack-1.13.3/lib/action_controller/filters.rb:624:in `process_without_session_management_support'
    /usr/local/lib/ruby/gems/1.8/gems/actionpack-1.13.3/lib/action_controller/session_management.rb:114:in `process'
    /usr/local/lib/ruby/gems/1.8/gems/actionpack-1.13.3/lib/action_controller/base.rb:330:in `process'
    /usr/local/lib/ruby/gems/1.8/gems/rails-1.2.3/lib/dispatcher.rb:41:in `dispatch'
    /usr/local/lib/ruby/gems/1.8/gems/mongrel-1.1.4/bin/../lib/mongrel/rails.rb:76:in `process'
    /usr/local/lib/ruby/gems/1.8/gems/mongrel-1.1.4/bin/../lib/mongrel/rails.rb:74:in `synchronize'
    /usr/local/lib/ruby/gems/1.8/gems/mongrel-1.1.4/bin/../lib/mongrel/rails.rb:74:in `process'
    /usr/local/lib/ruby/gems/1.8/gems/mongrel-1.1.4/lib/mongrel.rb:159:in `process_client'
    /usr/local/lib/ruby/gems/1.8/gems/mongrel-1.1.4/lib/mongrel.rb:158:in `each'
    /usr/local/lib/ruby/gems/1.8/gems/mongrel-1.1.4/lib/mongrel.rb:158:in `process_client'
    /usr/local/lib/ruby/gems/1.8/gems/mongrel-1.1.4/lib/mongrel.rb:285:in `run'
    /usr/local/lib/ruby/gems/1.8/gems/mongrel-1.1.4/lib/mongrel.rb:285:in `initialize'
    /usr/local/lib/ruby/gems/1.8/gems/mongrel-1.1.4/lib/mongrel.rb:285:in `new'
    /usr/local/lib/ruby/gems/1.8/gems/mongrel-1.1.4/lib/mongrel.rb:285:in `run'
    /usr/local/lib/ruby/gems/1.8/gems/mongrel-1.1.4/lib/mongrel.rb:268:in `initialize'
    /usr/local/lib/ruby/gems/1.8/gems/mongrel-1.1.4/lib/mongrel.rb:268:in `new'
    /usr/local/lib/ruby/gems/1.8/gems/mongrel-1.1.4/lib/mongrel.rb:268:in `run'
    /usr/local/lib/ruby/gems/1.8/gems/mongrel-1.1.4/lib/mongrel/configurator.rb:282:in `run'
    /usr/local/lib/ruby/gems/1.8/gems/mongrel-1.1.4/lib/mongrel/configurator.rb:281:in `each'
    /usr/local/lib/ruby/gems/1.8/gems/mongrel-1.1.4/lib/mongrel/configurator.rb:281:in `run'
    /usr/local/lib/ruby/gems/1.8/gems/mongrel-1.1.4/bin/mongrel_rails:128:in `run'
    /usr/local/lib/ruby/gems/1.8/gems/mongrel-1.1.4/lib/mongrel/command.rb:212:in `run'
    /usr/local/lib/ruby/gems/1.8/gems/mongrel-1.1.4/bin/mongrel_rails:281
    /usr/local/lib/ruby/gems/1.8/gems/activesupport-1.4.2/lib/active_support/dependencies.rb:488:in `load'
    /usr/local/lib/ruby/gems/1.8/gems/activesupport-1.4.2/lib/active_support/dependencies.rb:488:in `load'
    /usr/local/lib/ruby/gems/1.8/gems/activesupport-1.4.2/lib/active_support/dependencies.rb:342:in `new_constants_in'
    /usr/local/lib/ruby/gems/1.8/gems/activesupport-1.4.2/lib/active_support/dependencies.rb:488:in `load'
    /usr/local/lib/ruby/gems/1.8/gems/rails-1.2.3/lib/commands/servers/mongrel.rb:60
    /usr/local/lib/ruby/site_ruby/1.8/rubygems/custom_require.rb:27:in `gem_original_require'
    /usr/local/lib/ruby/site_ruby/1.8/rubygems/custom_require.rb:27:in `require'
    /usr/local/lib/ruby/gems/1.8/gems/activesupport-1.4.2/lib/active_support/dependencies.rb:495:in `require'
    /usr/local/lib/ruby/gems/1.8/gems/activesupport-1.4.2/lib/active_support/dependencies.rb:342:in `new_constants_in'
    /usr/local/lib/ruby/gems/1.8/gems/activesupport-1.4.2/lib/active_support/dependencies.rb:495:in `require'
    /usr/local/lib/ruby/gems/1.8/gems/rails-1.2.3/lib/commands/server.rb:39
    /usr/local/lib/ruby/site_ruby/1.8/rubygems/custom_require.rb:27:in `gem_original_require'
    /usr/local/lib/ruby/site_ruby/1.8/rubygems/custom_require.rb:27:in `require'
    ./script/server:3


Rendering /usr/local/lib/ruby/gems/1.8/gems/actionpack-1.13.3/lib/action_controller/templates/rescues/layout.rhtml (500 Internal Error)
